<?xml version="1.0" encoding="UTF-8"?>
<!-- Generated by org.testng.reporters.JUnitXMLReporter -->
<testsuite hostname="LAPTOP-0MK9KKKF" ignored="1" name="Test" tests="2" failures="0" timestamp="2023-01-04T10:57:04 IST" time="63.98" errors="0">
  <testcase name="verifyOrangeHRMBrandingTest" time="2.052" classname="TestCases.LoginPageTest"/>
  <testcase name="verifyOrangeHRMLogoTest" time="2.038" classname="TestCases.LoginPageTest"/>
  <testcase name="loginToAppTest" time="0.0" classname="TestCases.LoginPageTest">
    <ignored/>
  </testcase> <!-- loginToAppTest -->
</testsuite> <!-- Test -->
